# JRE version: OpenJDK Runtime Environment Temurin-17.0.2+8 (17.0.2+8) (build 17.0.2+8)
# Java VM: OpenJDK 64-Bit Server VM Temurin-17.0.2+8 (17.0.2+8, mixed mode, tiered, compressed oops, compressed class ptrs, parallel gc, windows-amd64)
GC Precious Log:
 CPUs: 8 total, 8 available
 Memory: 8037M
 Large Page Support: Disabled
 NUMA Support: Disabled
 Compressed Oops: Enabled (32-bit)
 Alignments: Space 512K, Generation 512K, Heap 2M
 Heap Min Capacity: 100M
 Heap Initial Capacity: 100M
 Heap Max Capacity: 1G
 Pre-touch: Disabled
 Parallel Workers: 8
Heap:
 PSYoungGen      total 24576K, used 24360K [0x00000000eab00000, 0x00000000ec780000, 0x0000000100000000)
  eden space 22016K, 100% used [0x00000000eab00000,0x00000000ec080000,0x00000000ec080000)
  from space 2560K, 91% used [0x00000000ec500000,0x00000000ec74a318,0x00000000ec780000)
  to   space 3072K, 0% used [0x00000000ec180000,0x00000000ec180000,0x00000000ec480000)
 ParOldGen       total 68608K, used 27585K [0x00000000c0000000, 0x00000000c4300000, 0x00000000eab00000)
  object space 68608K, 40% used [0x00000000c0000000,0x00000000c1af0720,0x00000000c4300000)
 Metaspace       used 48933K, committed 49856K, reserved 1097728K
  class space    used 5379K, committed 5760K, reserved 1048576K
GC Heap History (20 events):
Event: 2.741 GC heap before
{Heap before GC invocations=5 (full 1):
 PSYoungGen      total 29696K, used 25600K [0x00000000eab00000, 0x00000000ecc00000, 0x0000000100000000)
  eden space 25600K, 100% used [0x00000000eab00000,0x00000000ec400000,0x00000000ec400000)
  from space 4096K, 0% used [0x00000000ec400000,0x00000000ec400000,0x00000000ec800000)
  to   space 4096K, 0% used [0x00000000ec800000,0x00000000ec800000,0x00000000ecc00000)
 ParOldGen       total 68608K, used 9986K [0x00000000c0000000, 0x00000000c4300000, 0x00000000eab00000)
  object space 68608K, 14% used [0x00000000c0000000,0x00000000c09c0888,0x00000000c4300000)
 Metaspace       used 27807K, committed 28288K, reserved 1081344K
  class space    used 2740K, committed 2944K, reserved 1048576K
}
Event: 2.742 GC heap after
{Heap after GC invocations=5 (full 1):
 PSYoungGen      total 29696K, used 2062K [0x00000000eab00000, 0x00000000ecc00000, 0x0000000100000000)
  eden space 25600K, 0% used [0x00000000eab00000,0x00000000eab00000,0x00000000ec400000)
  from space 4096K, 50% used [0x00000000ec800000,0x00000000eca038f0,0x00000000ecc00000)
  to   space 4096K, 0% used [0x00000000ec400000,0x00000000ec400000,0x00000000ec800000)
 ParOldGen       total 68608K, used 9994K [0x00000000c0000000, 0x00000000c4300000, 0x00000000eab00000)
  object space 68608K, 14% used [0x00000000c0000000,0x00000000c09c2888,0x00000000c4300000)
 Metaspace       used 27807K, committed 28288K, reserved 1081344K
  class space    used 2740K, committed 2944K, reserved 1048576K
}
Event: 3.485 GC heap before
{Heap before GC invocations=6 (full 1):
 PSYoungGen      total 29696K, used 27315K [0x00000000eab00000, 0x00000000ecc00000, 0x0000000100000000)
  eden space 25600K, 98% used [0x00000000eab00000,0x00000000ec3a94d8,0x00000000ec400000)
  from space 4096K, 50% used [0x00000000ec800000,0x00000000eca038f0,0x00000000ecc00000)
  to   space 4096K, 0% used [0x00000000ec400000,0x00000000ec400000,0x00000000ec800000)
 ParOldGen       total 68608K, used 9994K [0x00000000c0000000, 0x00000000c4300000, 0x00000000eab00000)
  object space 68608K, 14% used [0x00000000c0000000,0x00000000c09c2888,0x00000000c4300000)
 Metaspace       used 35136K, committed 35840K, reserved 1081344K
  class space    used 3698K, committed 3968K, reserved 1048576K
}
Event: 3.489 GC heap after
{Heap after GC invocations=6 (full 1):
 PSYoungGen      total 29696K, used 4073K [0x00000000eab00000, 0x00000000ecf00000, 0x0000000100000000)
  eden space 25600K, 0% used [0x00000000eab00000,0x00000000eab00000,0x00000000ec400000)
  from space 4096K, 99% used [0x00000000ec400000,0x00000000ec7fa4e8,0x00000000ec800000)
  to   space 5632K, 0% used [0x00000000ec980000,0x00000000ec980000,0x00000000ecf00000)
 ParOldGen       total 68608K, used 10777K [0x00000000c0000000, 0x00000000c4300000, 0x00000000eab00000)
  object space 68608K, 15% used [0x00000000c0000000,0x00000000c0a86770,0x00000000c4300000)
 Metaspace       used 35136K, committed 35840K, reserved 1081344K
  class space    used 3698K, committed 3968K, reserved 1048576K
}
Event: 3.489 GC heap before
{Heap before GC invocations=7 (full 2):
 PSYoungGen      total 29696K, used 4073K [0x00000000eab00000, 0x00000000ecf00000, 0x0000000100000000)
  eden space 25600K, 0% used [0x00000000eab00000,0x00000000eab00000,0x00000000ec400000)
  from space 4096K, 99% used [0x00000000ec400000,0x00000000ec7fa4e8,0x00000000ec800000)
  to   space 5632K, 0% used [0x00000000ec980000,0x00000000ec980000,0x00000000ecf00000)
 ParOldGen       total 68608K, used 10777K [0x00000000c0000000, 0x00000000c4300000, 0x00000000eab00000)
  object space 68608K, 15% used [0x00000000c0000000,0x00000000c0a86770,0x00000000c4300000)
 Metaspace       used 35136K, committed 35840K, reserved 1081344K
  class space    used 3698K, committed 3968K, reserved 1048576K
}
Event: 3.515 GC heap after
{Heap after GC invocations=7 (full 2):
 PSYoungGen      total 29696K, used 0K [0x00000000eab00000, 0x00000000ecf00000, 0x0000000100000000)
  eden space 25600K, 0% used [0x00000000eab00000,0x00000000eab00000,0x00000000ec400000)
  from space 4096K, 0% used [0x00000000ec400000,0x00000000ec400000,0x00000000ec800000)
  to   space 5632K, 0% used [0x00000000ec980000,0x00000000ec980000,0x00000000ecf00000)
 ParOldGen       total 68608K, used 13219K [0x00000000c0000000, 0x00000000c4300000, 0x00000000eab00000)
  object space 68608K, 19% used [0x00000000c0000000,0x00000000c0ce8c08,0x00000000c4300000)
 Metaspace       used 35136K, committed 35840K, reserved 1081344K
  class space    used 3698K, committed 3968K, reserved 1048576K
}
Event: 4.085 GC heap before
{Heap before GC invocations=8 (full 2):
 PSYoungGen      total 29696K, used 25600K [0x00000000eab00000, 0x00000000ecf00000, 0x0000000100000000)
  eden space 25600K, 100% used [0x00000000eab00000,0x00000000ec400000,0x00000000ec400000)
  from space 4096K, 0% used [0x00000000ec400000,0x00000000ec400000,0x00000000ec800000)
  to   space 5632K, 0% used [0x00000000ec980000,0x00000000ec980000,0x00000000ecf00000)
 ParOldGen       total 68608K, used 13219K [0x00000000c0000000, 0x00000000c4300000, 0x00000000eab00000)
  object space 68608K, 19% used [0x00000000c0000000,0x00000000c0ce8c08,0x00000000c4300000)
 Metaspace       used 38492K, committed 39296K, reserved 1089536K
  class space    used 4123K, committed 4480K, reserved 1048576K
}
Event: 4.089 GC heap after
{Heap after GC invocations=8 (full 2):
 PSYoungGen      total 27648K, used 2272K [0x00000000eab00000, 0x00000000ecc00000, 0x0000000100000000)
  eden space 25088K, 0% used [0x00000000eab00000,0x00000000eab00000,0x00000000ec380000)
  from space 2560K, 88% used [0x00000000ec980000,0x00000000ecbb8020,0x00000000ecc00000)
  to   space 3584K, 0% used [0x00000000ec500000,0x00000000ec500000,0x00000000ec880000)
 ParOldGen       total 68608K, used 13227K [0x00000000c0000000, 0x00000000c4300000, 0x00000000eab00000)
  object space 68608K, 19% used [0x00000000c0000000,0x00000000c0ceac08,0x00000000c4300000)
 Metaspace       used 38492K, committed 39296K, reserved 1089536K
  class space    used 4123K, committed 4480K, reserved 1048576K
}
Event: 4.287 GC heap before
{Heap before GC invocations=9 (full 2):
 PSYoungGen      total 27648K, used 27360K [0x00000000eab00000, 0x00000000ecc00000, 0x0000000100000000)
  eden space 25088K, 100% used [0x00000000eab00000,0x00000000ec380000,0x00000000ec380000)
  from space 2560K, 88% used [0x00000000ec980000,0x00000000ecbb8020,0x00000000ecc00000)
  to   space 3584K, 0% used [0x00000000ec500000,0x00000000ec500000,0x00000000ec880000)
 ParOldGen       total 68608K, used 13227K [0x00000000c0000000, 0x00000000c4300000, 0x00000000eab00000)
  object space 68608K, 19% used [0x00000000c0000000,0x00000000c0ceac08,0x00000000c4300000)
 Metaspace       used 39429K, committed 40128K, reserved 1089536K
  class space    used 4223K, committed 4544K, reserved 1048576K
}
Event: 4.291 GC heap after
{Heap after GC invocations=9 (full 2):
 PSYoungGen      total 28160K, used 3580K [0x00000000eab00000, 0x00000000ecc00000, 0x0000000100000000)
  eden space 24576K, 0% used [0x00000000eab00000,0x00000000eab00000,0x00000000ec300000)
  from space 3584K, 99% used [0x00000000ec500000,0x00000000ec87f270,0x00000000ec880000)
  to   space 3584K, 0% used [0x00000000ec880000,0x00000000ec880000,0x00000000ecc00000)
 ParOldGen       total 68608K, used 13875K [0x00000000c0000000, 0x00000000c4300000, 0x00000000eab00000)
  object space 68608K, 20% used [0x00000000c0000000,0x00000000c0d8cc08,0x00000000c4300000)
 Metaspace       used 39429K, committed 40128K, reserved 1089536K
  class space    used 4223K, committed 4544K, reserved 1048576K
}
Event: 4.555 GC heap before
{Heap before GC invocations=10 (full 2):
 PSYoungGen      total 28160K, used 28156K [0x00000000eab00000, 0x00000000ecc00000, 0x0000000100000000)
  eden space 24576K, 100% used [0x00000000eab00000,0x00000000ec300000,0x00000000ec300000)
  from space 3584K, 99% used [0x00000000ec500000,0x00000000ec87f270,0x00000000ec880000)
  to   space 3584K, 0% used [0x00000000ec880000,0x00000000ec880000,0x00000000ecc00000)
 ParOldGen       total 68608K, used 13875K [0x00000000c0000000, 0x00000000c4300000, 0x00000000eab00000)
  object space 68608K, 20% used [0x00000000c0000000,0x00000000c0d8cc08,0x00000000c4300000)
 Metaspace       used 40153K, committed 40896K, reserved 1089536K
  class space    used 4326K, committed 4672K, reserved 1048576K
}
Event: 4.561 GC heap after
{Heap after GC invocations=10 (full 2):
 PSYoungGen      total 27136K, used 3562K [0x00000000eab00000, 0x00000000ecf80000, 0x0000000100000000)
  eden space 23552K, 0% used [0x00000000eab00000,0x00000000eab00000,0x00000000ec200000)
  from space 3584K, 99% used [0x00000000ec880000,0x00000000ecbfa900,0x00000000ecc00000)
  to   space 6656K, 0% used [0x00000000ec200000,0x00000000ec200000,0x00000000ec880000)
 ParOldGen       total 68608K, used 16391K [0x00000000c0000000, 0x00000000c4300000, 0x00000000eab00000)
  object space 68608K, 23% used [0x00000000c0000000,0x00000000c1001ef8,0x00000000c4300000)
 Metaspace       used 40153K, committed 40896K, reserved 1089536K
  class space    used 4326K, committed 4672K, reserved 1048576K
}
Event: 4.697 GC heap before
{Heap before GC invocations=11 (full 2):
 PSYoungGen      total 27136K, used 27114K [0x00000000eab00000, 0x00000000ecf80000, 0x0000000100000000)
  eden space 23552K, 100% used [0x00000000eab00000,0x00000000ec200000,0x00000000ec200000)
  from space 3584K, 99% used [0x00000000ec880000,0x00000000ecbfa900,0x00000000ecc00000)
  to   space 6656K, 0% used [0x00000000ec200000,0x00000000ec200000,0x00000000ec880000)
 ParOldGen       total 68608K, used 16391K [0x00000000c0000000, 0x00000000c4300000, 0x00000000eab00000)
  object space 68608K, 23% used [0x00000000c0000000,0x00000000c1001ef8,0x00000000c4300000)
 Metaspace       used 40791K, committed 41600K, reserved 1089536K
  class space    used 4406K, committed 4800K, reserved 1048576K
}
Event: 4.707 GC heap after
{Heap after GC invocations=11 (full 2):
 PSYoungGen      total 28160K, used 4677K [0x00000000eab00000, 0x00000000ecc80000, 0x0000000100000000)
  eden space 23040K, 0% used [0x00000000eab00000,0x00000000eab00000,0x00000000ec180000)
  from space 5120K, 91% used [0x00000000ec200000,0x00000000ec691480,0x00000000ec700000)
  to   space 5632K, 0% used [0x00000000ec700000,0x00000000ec700000,0x00000000ecc80000)
 ParOldGen       total 68608K, used 17687K [0x00000000c0000000, 0x00000000c4300000, 0x00000000eab00000)
  object space 68608K, 25% used [0x00000000c0000000,0x00000000c1145f38,0x00000000c4300000)
 Metaspace       used 40791K, committed 41600K, reserved 1089536K
  class space    used 4406K, committed 4800K, reserved 1048576K
}
Event: 4.870 GC heap before
{Heap before GC invocations=12 (full 2):
 PSYoungGen      total 28160K, used 27717K [0x00000000eab00000, 0x00000000ecc80000, 0x0000000100000000)
  eden space 23040K, 100% used [0x00000000eab00000,0x00000000ec180000,0x00000000ec180000)
  from space 5120K, 91% used [0x00000000ec200000,0x00000000ec691480,0x00000000ec700000)
  to   space 5632K, 0% used [0x00000000ec700000,0x00000000ec700000,0x00000000ecc80000)
 ParOldGen       total 68608K, used 17687K [0x00000000c0000000, 0x00000000c4300000, 0x00000000eab00000)
  object space 68608K, 25% used [0x00000000c0000000,0x00000000c1145f38,0x00000000c4300000)
 Metaspace       used 41660K, committed 42432K, reserved 1089536K
  class space    used 4510K, committed 4864K, reserved 1048576K
}
Event: 4.877 GC heap after
{Heap after GC invocations=12 (full 2):
 PSYoungGen      total 27648K, used 5021K [0x00000000eab00000, 0x00000000ecc00000, 0x0000000100000000)
  eden space 22528K, 0% used [0x00000000eab00000,0x00000000eab00000,0x00000000ec100000)
  from space 5120K, 98% used [0x00000000ec700000,0x00000000ecbe7418,0x00000000ecc00000)
  to   space 5120K, 0% used [0x00000000ec200000,0x00000000ec200000,0x00000000ec700000)
 ParOldGen       total 68608K, used 19844K [0x00000000c0000000, 0x00000000c4300000, 0x00000000eab00000)
  object space 68608K, 28% used [0x00000000c0000000,0x00000000c13613a8,0x00000000c4300000)
 Metaspace       used 41660K, committed 42432K, reserved 1089536K
  class space    used 4510K, committed 4864K, reserved 1048576K
}
Event: 5.182 GC heap before
{Heap before GC invocations=13 (full 2):
 PSYoungGen      total 27648K, used 27549K [0x00000000eab00000, 0x00000000ecc00000, 0x0000000100000000)
  eden space 22528K, 100% used [0x00000000eab00000,0x00000000ec100000,0x00000000ec100000)
  from space 5120K, 98% used [0x00000000ec700000,0x00000000ecbe7418,0x00000000ecc00000)
  to   space 5120K, 0% used [0x00000000ec200000,0x00000000ec200000,0x00000000ec700000)
 ParOldGen       total 68608K, used 19844K [0x00000000c0000000, 0x00000000c4300000, 0x00000000eab00000)
  object space 68608K, 28% used [0x00000000c0000000,0x00000000c13613a8,0x00000000c4300000)
 Metaspace       used 43069K, committed 43840K, reserved 1089536K
  class space    used 4691K, committed 5056K, reserved 1048576K
}
Event: 5.192 GC heap after
{Heap after GC invocations=13 (full 2):
 PSYoungGen      total 25088K, used 3008K [0x00000000eab00000, 0x00000000ec880000, 0x0000000100000000)
  eden space 22016K, 0% used [0x00000000eab00000,0x00000000eab00000,0x00000000ec080000)
  from space 3072K, 97% used [0x00000000ec200000,0x00000000ec4f0000,0x00000000ec500000)
  to   space 3584K, 0% used [0x00000000ec500000,0x00000000ec500000,0x00000000ec880000)
 ParOldGen       total 68608K, used 24748K [0x00000000c0000000, 0x00000000c4300000, 0x00000000eab00000)
  object space 68608K, 36% used [0x00000000c0000000,0x00000000c182b3b8,0x00000000c4300000)
 Metaspace       used 43069K, committed 43840K, reserved 1089536K
  class space    used 4691K, committed 5056K, reserved 1048576K
}
Event: 5.967 GC heap before
{Heap before GC invocations=14 (full 2):
 PSYoungGen      total 25088K, used 25013K [0x00000000eab00000, 0x00000000ec880000, 0x0000000100000000)
  eden space 22016K, 99% used [0x00000000eab00000,0x00000000ec07d680,0x00000000ec080000)
  from space 3072K, 97% used [0x00000000ec200000,0x00000000ec4f0000,0x00000000ec500000)
  to   space 3584K, 0% used [0x00000000ec500000,0x00000000ec500000,0x00000000ec880000)
 ParOldGen       total 68608K, used 24748K [0x00000000c0000000, 0x00000000c4300000, 0x00000000eab00000)
  object space 68608K, 36% used [0x00000000c0000000,0x00000000c182b3b8,0x00000000c4300000)
 Metaspace       used 47810K, committed 48640K, reserved 1097728K
  class space    used 5246K, committed 5568K, reserved 1048576K
}
Event: 5.976 GC heap after
{Heap after GC invocations=14 (full 2):
 PSYoungGen      total 24576K, used 2344K [0x00000000eab00000, 0x00000000ec780000, 0x0000000100000000)
  eden space 22016K, 0% used [0x00000000eab00000,0x00000000eab00000,0x00000000ec080000)
  from space 2560K, 91% used [0x00000000ec500000,0x00000000ec74a318,0x00000000ec780000)
  to   space 3072K, 0% used [0x00000000ec180000,0x00000000ec180000,0x00000000ec480000)
 ParOldGen       total 68608K, used 27585K [0x00000000c0000000, 0x00000000c4300000, 0x00000000eab00000)
  object space 68608K, 40% used [0x00000000c0000000,0x00000000c1af0720,0x00000000c4300000)
 Metaspace       used 47810K, committed 48640K, reserved 1097728K
  class space    used 5246K, committed 5568K, reserved 1048576K
}

